<?xml version="1.0" encoding="UTF-8"?>
<testng-results skipped="0" failed="0" total="5" passed="5">
  <reporter-output>
  </reporter-output>
  <suite name="Default suite" duration-ms="38626" started-at="2019-12-17T03:20:35Z" finished-at="2019-12-17T03:21:14Z">
    <groups>
    </groups>
    <test name="Default test" duration-ms="38626" started-at="2019-12-17T03:20:35Z" finished-at="2019-12-17T03:21:14Z">
      <class name="crm.webtest.LoginTest">
        <test-method status="PASS" signature="beforeClass()[pri:0, instance:crm.webtest.LoginTest@6a2bcfcb]" name="beforeClass" is-config="true" duration-ms="15504" started-at="2019-12-17T11:20:35Z" finished-at="2019-12-17T11:20:50Z">
          <reporter-output>
          </reporter-output>
        </test-method> <!-- beforeClass -->
        <test-method status="PASS" signature="logF1()[pri:0, instance:crm.webtest.LoginTest@6a2bcfcb]" name="logF1" duration-ms="4851" started-at="2019-12-17T11:20:50Z" finished-at="2019-12-17T11:20:55Z">
          <reporter-output>
          </reporter-output>
        </test-method> <!-- logF1 -->
        <test-method status="PASS" signature="beforeMethod()[pri:0, instance:crm.webtest.LoginTest@6a2bcfcb]" name="beforeMethod" is-config="true" duration-ms="0" started-at="2019-12-17T11:20:50Z" finished-at="2019-12-17T11:20:50Z">
          <reporter-output>
          </reporter-output>
        </test-method> <!-- beforeMethod -->
        <test-method status="PASS" signature="afterMethod()[pri:0, instance:crm.webtest.LoginTest@6a2bcfcb]" name="afterMethod" is-config="true" duration-ms="1" started-at="2019-12-17T11:20:55Z" finished-at="2019-12-17T11:20:55Z">
          <reporter-output>
          </reporter-output>
        </test-method> <!-- afterMethod -->
        <test-method status="PASS" signature="beforeMethod()[pri:0, instance:crm.webtest.LoginTest@6a2bcfcb]" name="beforeMethod" is-config="true" duration-ms="0" started-at="2019-12-17T11:20:55Z" finished-at="2019-12-17T11:20:55Z">
          <reporter-output>
          </reporter-output>
        </test-method> <!-- beforeMethod -->
        <test-method status="PASS" signature="logF2()[pri:0, instance:crm.webtest.LoginTest@6a2bcfcb]" name="logF2" duration-ms="4353" started-at="2019-12-17T11:20:55Z" finished-at="2019-12-17T11:21:00Z">
          <reporter-output>
          </reporter-output>
        </test-method> <!-- logF2 -->
        <test-method status="PASS" signature="logF3()[pri:0, instance:crm.webtest.LoginTest@6a2bcfcb]" name="logF3" duration-ms="4433" started-at="2019-12-17T11:21:00Z" finished-at="2019-12-17T11:21:04Z">
          <reporter-output>
          </reporter-output>
        </test-method> <!-- logF3 -->
        <test-method status="PASS" signature="afterMethod()[pri:0, instance:crm.webtest.LoginTest@6a2bcfcb]" name="afterMethod" is-config="true" duration-ms="0" started-at="2019-12-17T11:21:00Z" finished-at="2019-12-17T11:21:00Z">
          <reporter-output>
          </reporter-output>
        </test-method> <!-- afterMethod -->
        <test-method status="PASS" signature="beforeMethod()[pri:0, instance:crm.webtest.LoginTest@6a2bcfcb]" name="beforeMethod" is-config="true" duration-ms="0" started-at="2019-12-17T11:21:00Z" finished-at="2019-12-17T11:21:00Z">
          <reporter-output>
          </reporter-output>
        </test-method> <!-- beforeMethod -->
        <test-method status="PASS" signature="afterMethod()[pri:0, instance:crm.webtest.LoginTest@6a2bcfcb]" name="afterMethod" is-config="true" duration-ms="0" started-at="2019-12-17T11:21:04Z" finished-at="2019-12-17T11:21:04Z">
          <reporter-output>
          </reporter-output>
        </test-method> <!-- afterMethod -->
        <test-method status="PASS" signature="beforeMethod()[pri:0, instance:crm.webtest.LoginTest@6a2bcfcb]" name="beforeMethod" is-config="true" duration-ms="1" started-at="2019-12-17T11:21:04Z" finished-at="2019-12-17T11:21:04Z">
          <reporter-output>
          </reporter-output>
        </test-method> <!-- beforeMethod -->
        <test-method status="PASS" signature="logF4()[pri:0, instance:crm.webtest.LoginTest@6a2bcfcb]" name="logF4" duration-ms="4381" started-at="2019-12-17T11:21:04Z" finished-at="2019-12-17T11:21:08Z">
          <reporter-output>
          </reporter-output>
        </test-method> <!-- logF4 -->
        <test-method status="PASS" signature="afterMethod()[pri:0, instance:crm.webtest.LoginTest@6a2bcfcb]" name="afterMethod" is-config="true" duration-ms="0" started-at="2019-12-17T11:21:08Z" finished-at="2019-12-17T11:21:08Z">
          <reporter-output>
          </reporter-output>
        </test-method> <!-- afterMethod -->
        <test-method status="PASS" signature="logF5()[pri:0, instance:crm.webtest.LoginTest@6a2bcfcb]" name="logF5" duration-ms="4391" started-at="2019-12-17T11:21:08Z" finished-at="2019-12-17T11:21:13Z">
          <reporter-output>
          </reporter-output>
        </test-method> <!-- logF5 -->
        <test-method status="PASS" signature="beforeMethod()[pri:0, instance:crm.webtest.LoginTest@6a2bcfcb]" name="beforeMethod" is-config="true" duration-ms="0" started-at="2019-12-17T11:21:08Z" finished-at="2019-12-17T11:21:08Z">
          <reporter-output>
          </reporter-output>
        </test-method> <!-- beforeMethod -->
        <test-method status="PASS" signature="afterClass()[pri:0, instance:crm.webtest.LoginTest@6a2bcfcb]" name="afterClass" is-config="true" duration-ms="692" started-at="2019-12-17T11:21:13Z" finished-at="2019-12-17T11:21:14Z">
          <reporter-output>
          </reporter-output>
        </test-method> <!-- afterClass -->
        <test-method status="PASS" signature="afterMethod()[pri:0, instance:crm.webtest.LoginTest@6a2bcfcb]" name="afterMethod" is-config="true" duration-ms="0" started-at="2019-12-17T11:21:13Z" finished-at="2019-12-17T11:21:13Z">
          <reporter-output>
          </reporter-output>
        </test-method> <!-- afterMethod -->
      </class> <!-- crm.webtest.LoginTest -->
    </test> <!-- Default test -->
  </suite> <!-- Default suite -->
</testng-results>
