<?xml version="1.0" encoding="UTF-8"?>
<testng-results skipped="0" failed="0" total="1" passed="1">
  <reporter-output>
  </reporter-output>
  <suite name="Suite" duration-ms="33929" started-at="2019-12-19T08:55:12Z" finished-at="2019-12-19T08:55:46Z">
    <groups>
    </groups>
    <test name="Test" duration-ms="33929" started-at="2019-12-19T08:55:12Z" finished-at="2019-12-19T08:55:46Z">
      <class name="PpmUiTest.test.GenpTest">
        <test-method status="PASS" signature="beforeClass()[pri:0, instance:PpmUiTest.test.GenpTest@d2cc05a]" name="beforeClass" is-config="true" duration-ms="20947" started-at="2019-12-19T16:55:12Z" finished-at="2019-12-19T16:55:33Z">
          <reporter-output>
          </reporter-output>
        </test-method> <!-- beforeClass -->
        <test-method status="PASS" signature="Successful()[pri:0, instance:PpmUiTest.test.GenpTest@d2cc05a]" name="Successful" duration-ms="12227" started-at="2019-12-19T16:55:33Z" finished-at="2019-12-19T16:55:45Z">
          <reporter-output>
          </reporter-output>
        </test-method> <!-- Successful -->
        <test-method status="PASS" signature="afterClass()[pri:0, instance:PpmUiTest.test.GenpTest@d2cc05a]" name="afterClass" is-config="true" duration-ms="736" started-at="2019-12-19T16:55:45Z" finished-at="2019-12-19T16:55:46Z">
          <reporter-output>
          </reporter-output>
        </test-method> <!-- afterClass -->
      </class> <!-- PpmUiTest.test.GenpTest -->
    </test> <!-- Test -->
  </suite> <!-- Suite -->
</testng-results>
