<?xml version="1.0" encoding="UTF-8"?>
<testng-results skipped="0" failed="0" total="1" passed="1">
  <reporter-output>
  </reporter-output>
  <suite name="Suite" duration-ms="31582" started-at="2019-12-25T05:56:52Z" finished-at="2019-12-25T05:57:23Z">
    <groups>
    </groups>
    <test name="Test" duration-ms="31582" started-at="2019-12-25T05:56:52Z" finished-at="2019-12-25T05:57:23Z">
      <class name="PpmUiTest.test.GenpTest">
        <test-method status="PASS" signature="beforeClass()[pri:0, instance:PpmUiTest.test.GenpTest@6cc4c815]" name="beforeClass" is-config="true" duration-ms="20561" started-at="2019-12-25T13:56:52Z" finished-at="2019-12-25T13:57:12Z">
          <reporter-output>
          </reporter-output>
        </test-method> <!-- beforeClass -->
        <test-method status="PASS" signature="Successful()[pri:0, instance:PpmUiTest.test.GenpTest@6cc4c815]" name="Successful" duration-ms="9816" started-at="2019-12-25T13:57:12Z" finished-at="2019-12-25T13:57:22Z">
          <reporter-output>
          </reporter-output>
        </test-method> <!-- Successful -->
        <test-method status="PASS" signature="afterClass()[pri:0, instance:PpmUiTest.test.GenpTest@6cc4c815]" name="afterClass" is-config="true" duration-ms="1190" started-at="2019-12-25T13:57:22Z" finished-at="2019-12-25T13:57:23Z">
          <reporter-output>
          </reporter-output>
        </test-method> <!-- afterClass -->
      </class> <!-- PpmUiTest.test.GenpTest -->
    </test> <!-- Test -->
  </suite> <!-- Suite -->
</testng-results>
