<?xml version="1.0" encoding="UTF-8"?>
<!-- Generated by org.testng.reporters.JUnitXMLReporter -->
<testsuite hostname="YMZ201708291015" name="Default test" tests="5" failures="0" timestamp="5 Jun 2019 09:46:35 GMT" time="73.724" errors="0">
  <testcase name="logF1" time="13.31" classname="crm.webtest.LoginTest"/>
  <testcase name="logF2" time="5.006" classname="crm.webtest.LoginTest"/>
  <testcase name="logF3" time="4.356" classname="crm.webtest.LoginTest"/>
  <testcase name="logF4" time="8.827" classname="crm.webtest.LoginTest"/>
  <testcase name="logF5" time="4.501" classname="crm.webtest.LoginTest"/>
</testsuite> <!-- Default test -->
