<?xml version="1.0" encoding="UTF-8"?>
<!-- Generated by org.testng.reporters.JUnitXMLReporter -->
<testsuite hostname="YMZ201708291015" name="Test" tests="13" failures="0" timestamp="22 Oct 2018 09:25:17 GMT" time="134.421" errors="0">
  <testcase name="logF1" time="9.601" classname="crm.webtest.LoginTest"/>
  <testcase name="logF2" time="4.659" classname="crm.webtest.LoginTest"/>
  <testcase name="logF3" time="4.322" classname="crm.webtest.LoginTest"/>
  <testcase name="logF4" time="5.672" classname="crm.webtest.LoginTest"/>
  <testcase name="logF5" time="4.491" classname="crm.webtest.LoginTest"/>
  <testcase name="addF1" time="17.104" classname="crm.webtest.UseraddTest"/>
  <testcase name="addF2" time="5.477" classname="crm.webtest.UseraddTest"/>
  <testcase name="addF3" time="5.309" classname="crm.webtest.UseraddTest"/>
  <testcase name="addF4" time="5.355" classname="crm.webtest.UseraddTest"/>
  <testcase name="addF5" time="4.949" classname="crm.webtest.UseraddTest"/>
  <testcase name="addsuccess" time="5.388" classname="crm.webtest.UseraddTest"/>
  <testcase name="s1" time="3.94" classname="crm.webtest.UserselectTest"/>
  <testcase name="up1" time="6.71" classname="crm.webtest.UserupdateTest"/>
</testsuite> <!-- Test -->
