<?xml version="1.0" encoding="UTF-8"?>
<testng-results skipped="0" failed="0" total="2" passed="2">
  <reporter-output>
  </reporter-output>
  <suite name="Default suite" duration-ms="1145" started-at="2019-06-28T09:33:09Z" finished-at="2019-06-28T09:33:10Z">
    <groups>
    </groups>
    <test name="Default test" duration-ms="1145" started-at="2019-06-28T09:33:09Z" finished-at="2019-06-28T09:33:10Z">
      <class name="AutoApi.test.ApiTest">
        <test-method status="PASS" signature="beforeClass()[pri:0, instance:AutoApi.test.ApiTest@d2cc05a]" name="beforeClass" is-config="true" duration-ms="13" started-at="2019-06-28T17:33:09Z" finished-at="2019-06-28T17:33:09Z">
          <reporter-output>
          </reporter-output>
        </test-method> <!-- beforeClass -->
        <test-method status="PASS" signature="Tologin()[pri:0, instance:AutoApi.test.ApiTest@d2cc05a]" name="Tologin" duration-ms="976" started-at="2019-06-28T17:33:09Z" finished-at="2019-06-28T17:33:10Z">
          <reporter-output>
          </reporter-output>
        </test-method> <!-- Tologin -->
        <test-method status="PASS" signature="Topass()[pri:0, instance:AutoApi.test.ApiTest@d2cc05a]" name="Topass" duration-ms="136" started-at="2019-06-28T17:33:10Z" depends-on-methods="AutoApi.test.ApiTest.Tologin" finished-at="2019-06-28T17:33:10Z">
          <reporter-output>
          </reporter-output>
        </test-method> <!-- Topass -->
        <test-method status="PASS" signature="afterClass()[pri:0, instance:AutoApi.test.ApiTest@d2cc05a]" name="afterClass" is-config="true" duration-ms="0" started-at="2019-06-28T17:33:10Z" finished-at="2019-06-28T17:33:10Z">
          <reporter-output>
          </reporter-output>
        </test-method> <!-- afterClass -->
      </class> <!-- AutoApi.test.ApiTest -->
    </test> <!-- Default test -->
  </suite> <!-- Default suite -->
</testng-results>
