<?xml version="1.0" encoding="UTF-8"?>
<testng-results skipped="0" failed="0" total="1" passed="1">
  <reporter-output>
  </reporter-output>
  <suite name="Default suite" duration-ms="957" started-at="2019-06-25T09:38:39Z" finished-at="2019-06-25T09:38:40Z">
    <groups>
    </groups>
    <test name="Default test" duration-ms="957" started-at="2019-06-25T09:38:39Z" finished-at="2019-06-25T09:38:40Z">
      <class name="AutoApi.test.LoginTest">
        <test-method status="PASS" signature="beforeMethod()[pri:0, instance:AutoApi.test.LoginTest@d2cc05a]" name="beforeMethod" is-config="true" duration-ms="7" started-at="2019-06-25T17:38:39Z" finished-at="2019-06-25T17:38:39Z">
          <reporter-output>
          </reporter-output>
        </test-method> <!-- beforeMethod -->
        <test-method status="PASS" signature="f()[pri:0, instance:AutoApi.test.LoginTest@d2cc05a]" name="f" duration-ms="929" started-at="2019-06-25T17:38:39Z" finished-at="2019-06-25T17:38:40Z">
          <reporter-output>
          </reporter-output>
        </test-method> <!-- f -->
        <test-method status="PASS" signature="afterMethod()[pri:0, instance:AutoApi.test.LoginTest@d2cc05a]" name="afterMethod" is-config="true" duration-ms="0" started-at="2019-06-25T17:38:40Z" finished-at="2019-06-25T17:38:40Z">
          <reporter-output>
          </reporter-output>
        </test-method> <!-- afterMethod -->
      </class> <!-- AutoApi.test.LoginTest -->
    </test> <!-- Default test -->
  </suite> <!-- Default suite -->
</testng-results>
