<?xml version="1.0" encoding="UTF-8"?>
<testng-results skipped="0" failed="0" total="1" passed="1">
  <reporter-output>
  </reporter-output>
  <suite name="Default suite" duration-ms="46491" started-at="2018-11-23T07:33:41Z" finished-at="2018-11-23T07:34:27Z">
    <groups>
    </groups>
    <test name="Default test" duration-ms="46491" started-at="2018-11-23T07:33:41Z" finished-at="2018-11-23T07:34:27Z">
      <class name="changku.test.selectwuTest">
        <test-method status="PASS" signature="beforeMethod()[pri:0, instance:changku.test.selectwuTest@3a82f6ef]" name="beforeMethod" is-config="true" duration-ms="39293" started-at="2018-11-23T15:33:41Z" finished-at="2018-11-23T15:34:20Z">
          <reporter-output>
          </reporter-output>
        </test-method> <!-- beforeMethod -->
        <test-method status="PASS" signature="success()[pri:0, instance:changku.test.selectwuTest@3a82f6ef]" name="success" duration-ms="6125" started-at="2018-11-23T15:34:20Z" finished-at="2018-11-23T15:34:26Z">
          <reporter-output>
          </reporter-output>
        </test-method> <!-- success -->
        <test-method status="PASS" signature="afterMethod()[pri:0, instance:changku.test.selectwuTest@3a82f6ef]" name="afterMethod" is-config="true" duration-ms="987" started-at="2018-11-23T15:34:26Z" finished-at="2018-11-23T15:34:27Z">
          <reporter-output>
          </reporter-output>
        </test-method> <!-- afterMethod -->
      </class> <!-- changku.test.selectwuTest -->
    </test> <!-- Default test -->
  </suite> <!-- Default suite -->
</testng-results>
